/*C2*/SET SCHEMA PUBLIC
CONNECT USER SA
create table Gift (id varchar(50) not null, address varchar(255), brand varchar(255), business varchar(255), deleted bit not null, dispatchcycle varchar(255), explains varchar(255), indate timestamp, integral integer not null, name varchar(255), notes varchar(255), photo varchar(255), recorddate timestamp, recorduser varchar(255), servicetell varchar(255), source varchar(255), status varchar(255), stock integer not null, summary varchar(255), tell varchar(255), type varchar(255), updatetime timestamp, primary key (id))
alter table Judge add column rewardItemStore_id varchar(255)
create table Orders (id varchar(50) not null, address varchar(255), amount integer not null, deleted integer not null, exchangeDate timestamp, giftId varchar(255), integral double not null, name varchar(255), orderCode varchar(255), postcode varchar(255), receiver varchar(255), recorddate timestamp, recorduser varchar(255), remarks varchar(255), status varchar(255), tel varchar(255), userId varchar(255), primary key (id))
create table RewardItemStore (RewardItemType varchar(31) not null, id varchar(255) not null, autoAward varchar(255), autoGenerate varchar(255), awardAmt double not null, awardUnit varchar(255), createdAt timestamp, definition varchar(255), degree integer not null, deleted bit not null, enabled bit not null, expectAwardDate timestamp, headcountLimit integer not null, lastAwardDate timestamp, lastModifiedAt timestamp, name varchar(255), nexRunBatchTime timestamp, nominateAheadDays integer not null, nominateDate timestamp, publishAheadDays integer not null, publishDate timestamp, standard varchar(255), startTime timestamp, totalAmtLimit double not null, accountDept_id varchar(255), builderDept_id varchar(255), candidateRule_id varchar(255), corporation_id varchar(255), createdBy_id varchar(255), frequency_id varchar(255), lastModifiedBy_id varchar(255), type_id varchar(255), primary key (id))
alter table SysUser add column lastLoginRole varchar(255)
alter table Judge add constraint FK4497EF761721727 foreign key (rewardItemStore_id) references RewardItemStore
alter table RewardItemStore add constraint FK5FB1AEFFA891FA85 foreign key (createdBy_id) references SysUser
alter table RewardItemStore add constraint FK5FB1AEFF731D6A4B foreign key (builderDept_id) references Organization
alter table RewardItemStore add constraint FK5FB1AEFFF494BD7E foreign key (frequency_id) references Frequency
alter table RewardItemStore add constraint FK5FB1AEFF5B698EFB foreign key (corporation_id) references Organization
alter table RewardItemStore add constraint FK5FB1AEFF9B982779 foreign key (accountDept_id) references Organization
alter table RewardItemStore add constraint FK5FB1AEFFBFD3BFB2 foreign key (candidateRule_id) references CandidateRule
alter table RewardItemStore add constraint FK5FB1AEFF3F6E95CF foreign key (type_id) references RewardItemType
alter table RewardItemStore add constraint FK5FB1AEFFE3FB8C6E foreign key (lastModifiedBy_id) references SysUser
SET AUTOCOMMIT FALSE
SET AUTOCOMMIT TRUE
/*C3*/SET SCHEMA PUBLIC
CONNECT USER SA
/*C4*/SET SCHEMA PUBLIC
CONNECT USER SA
/*C3*/SET AUTOCOMMIT FALSE
DELETE FROM ORGANIZATION WHERE ID='8a83834d348e688101348e68890f0008'
INSERT INTO ORGANIZATION VALUES('department','8a83834d348e688101348e68890f0008','2011-12-30 17:59:02.671000000','\u6280\u672f\u652f\u6301\u7684\u9aa8\u5e72\u90e8\u95e8,\u4ece\u4e8b\u8f6f\u4ef6\u5f00\u53d1\u548c\u7ef4\u62a4','2011-12-30 17:59:02.671000000','\u6280\u672f',NULL,NULL,NULL,NULL,NULL,NULL,NULL,NULL,NULL,NULL,2,3,NULL,NULL,NULL,NULL,NULL,NULL,NULL,NULL,NULL,NULL,NULL,NULL,NULL,NULL,NULL,'8a83834d348e688101348e6888c10001','8a83834d348e688101348e6888c10001',NULL,'8a83834d348e688101348e6888f00006','8a83834d348e688101348e6889000007',NULL)
INSERT INTO ORGANIZATION VALUES('department','8a83834d348e688101348e68890f0009',NULL,'IT\u90e8',NULL,'IT\u90e8',NULL,NULL,NULL,NULL,NULL,NULL,NULL,NULL,NULL,NULL,NULL,NULL,NULL,NULL,NULL,NULL,NULL,NULL,NULL,NULL,NULL,NULL,NULL,NULL,NULL,NULL,NULL,NULL,NULL,NULL,NULL,NULL,NULL)
COMMIT
SET AUTOCOMMIT TRUE
SET AUTOCOMMIT FALSE
DELETE FROM ORGANIZATION WHERE ID='8a83834d348e688101348e68890f0009'
INSERT INTO ORGANIZATION VALUES('department','8a83834d348e688101348e68890f0009',NULL,'IT\u90e8',NULL,'IT\u90e8',NULL,NULL,NULL,NULL,NULL,NULL,NULL,NULL,NULL,NULL,NULL,NULL,NULL,NULL,NULL,NULL,NULL,NULL,NULL,NULL,NULL,NULL,NULL,NULL,NULL,NULL,NULL,NULL,NULL,NULL,NULL,'8a83834d348e688101348e68890f0008',NULL)
COMMIT
SET AUTOCOMMIT TRUE
SET AUTOCOMMIT FALSE
DELETE FROM ORGANIZATION WHERE ID='8a83834d348e688101348e68890f0009'
INSERT INTO ORGANIZATION VALUES('department','8a83834d348e688101348e68890f0009',NULL,'IT\u90e8',NULL,'IT\u90e8',NULL,NULL,NULL,NULL,NULL,NULL,NULL,NULL,NULL,NULL,NULL,NULL,NULL,NULL,NULL,NULL,NULL,NULL,NULL,NULL,NULL,NULL,NULL,NULL,NULL,NULL,NULL,NULL,NULL,NULL,'8a83834d348e688101348e6888f00006','8a83834d348e688101348e68890f0008',NULL)
COMMIT
SET AUTOCOMMIT TRUE
SET AUTOCOMMIT FALSE
INSERT INTO ORGANIZATION VALUES('department','8a83834d348e688101348e68890f0010',NULL,'\u4eba\u4e8b\u884c\u653f',NULL,'\u884c\u653f\u90e8',NULL,NULL,NULL,NULL,NULL,NULL,NULL,NULL,NULL,NULL,NULL,NULL,NULL,NULL,NULL,NULL,NULL,NULL,NULL,NULL,NULL,NULL,NULL,NULL,NULL,NULL,NULL,NULL,NULL,NULL,'8a83834d348e688101348e6888f00006','8a83834d348e688101348e6889000007',NULL)
COMMIT
SET AUTOCOMMIT TRUE
SET AUTOCOMMIT FALSE
DELETE FROM ORGANIZATION WHERE ID='8a83834d348e688101348e68890f0009'
INSERT INTO ORGANIZATION VALUES('department','8a83834d348e688101348e68890f0009',NULL,'IT\u90e8',NULL,'IT\u90e8',NULL,NULL,NULL,NULL,NULL,NULL,NULL,NULL,NULL,NULL,NULL,NULL,NULL,NULL,NULL,NULL,NULL,NULL,NULL,NULL,NULL,NULL,NULL,NULL,NULL,NULL,NULL,'8a83834d348e688101348e6888c10001',NULL,NULL,'8a83834d348e688101348e6888f00006','8a83834d348e688101348e68890f0008',NULL)
COMMIT
SET AUTOCOMMIT TRUE
SET AUTOCOMMIT FALSE
DELETE FROM ORGANIZATION WHERE ID='8a83834d348e688101348e68890f0010'
INSERT INTO ORGANIZATION VALUES('department','8a83834d348e688101348e68890f0010',NULL,'\u4eba\u4e8b\u884c\u653f',NULL,'\u884c\u653f\u90e8',NULL,NULL,NULL,NULL,NULL,NULL,NULL,NULL,NULL,NULL,NULL,NULL,NULL,NULL,NULL,NULL,NULL,NULL,NULL,NULL,NULL,NULL,NULL,NULL,NULL,NULL,NULL,'8a83834d348e688101348e6888c10001',NULL,NULL,'8a83834d348e688101348e6888f00006','8a83834d348e688101348e6889000007',NULL)
COMMIT
SET AUTOCOMMIT TRUE
SET AUTOCOMMIT FALSE
DELETE FROM ORGANIZATION WHERE ID='8a83834d34936adf0134936bcfcc0002'
INSERT INTO ORGANIZATION VALUES('staff','8a83834d34936adf0134936bcfcc0002','2011-12-31 17:20:43.468000000',NULL,NULL,'\u7ba1\u7406\u5458',NULL,NULL,NULL,NULL,NULL,NULL,NULL,NULL,'8a83834d34936adf0134936bcfcc0001',NULL,NULL,NULL,NULL,0,NULL,NULL,NULL,NULL,NULL,NULL,NULL,NULL,NULL,NULL,NULL,NULL,NULL,'8a83834d348e688101348e6888c10001',NULL,NULL,'8a83834d348e688101348e6888f00006',NULL,'8a83834d348e688101348e68890f0010')
COMMIT
SET AUTOCOMMIT TRUE
SET AUTOCOMMIT FALSE
DELETE FROM ORGANIZATION WHERE ID='8a83834f34f3b0820134f3b211630002'
INSERT INTO ORGANIZATION VALUES('staff','8a83834f34f3b0820134f3b211630002','2012-01-19 10:01:00.515000000',NULL,NULL,'\u793c\u54c1\u7ba1\u7406\u5458',NULL,NULL,NULL,NULL,NULL,NULL,NULL,NULL,'8a83834f34f3b0820134f3b211540001',NULL,NULL,NULL,NULL,0,NULL,NULL,NULL,NULL,NULL,NULL,NULL,NULL,NULL,NULL,NULL,NULL,NULL,'8a83834d34936adf0134936bcfcc0003',NULL,NULL,'8a83834d348e688101348e6888f00006',NULL,'8a83834d348e688101348e68890f0009')
COMMIT
SET AUTOCOMMIT TRUE
/*C2*/SET AUTOCOMMIT FALSE
SET AUTOCOMMIT TRUE
/*C3*/SET AUTOCOMMIT FALSE
DELETE FROM ORGANIZATION WHERE ID='8a83834d348e688101348e6889000007'
INSERT INTO ORGANIZATION VALUES('department','8a83834d348e688101348e6889000007','2011-12-30 17:59:02.656000000',NULL,NULL,'ROOT_DEPT8a83834d348e688101348e6888f00006',NULL,NULL,NULL,NULL,NULL,NULL,NULL,NULL,NULL,NULL,1,8,NULL,NULL,NULL,NULL,NULL,NULL,NULL,NULL,NULL,NULL,NULL,NULL,NULL,NULL,NULL,NULL,NULL,NULL,'8a83834d348e688101348e6888f00006',NULL,NULL)
DELETE FROM ORGANIZATION WHERE ID='8a83834d348e688101348e68890f0008'
INSERT INTO ORGANIZATION VALUES('department','8a83834d348e688101348e68890f0008','2011-12-30 17:59:02.671000000','\u6280\u672f\u652f\u6301\u7684\u9aa8\u5e72\u90e8\u95e8,\u4ece\u4e8b\u8f6f\u4ef6\u5f00\u53d1\u548c\u7ef4\u62a4','2011-12-30 17:59:02.671000000','\u6280\u672f',NULL,NULL,NULL,NULL,NULL,NULL,NULL,NULL,NULL,NULL,2,5,NULL,NULL,NULL,NULL,NULL,NULL,NULL,NULL,NULL,NULL,NULL,NULL,NULL,NULL,NULL,'8a83834d348e688101348e6888c10001','8a83834d348e688101348e6888c10001',NULL,'8a83834d348e688101348e6888f00006','8a83834d348e688101348e6889000007',NULL)
COMMIT
SET AUTOCOMMIT TRUE
SET AUTOCOMMIT FALSE
DELETE FROM ORGANIZATION WHERE ID='8a83834d348e688101348e68890f0009'
INSERT INTO ORGANIZATION VALUES('department','8a83834d348e688101348e68890f0009',NULL,'IT\u90e8',NULL,'IT\u90e8',NULL,NULL,NULL,NULL,NULL,NULL,NULL,NULL,NULL,NULL,3,4,NULL,NULL,NULL,NULL,NULL,NULL,NULL,NULL,NULL,NULL,NULL,NULL,NULL,NULL,NULL,'8a83834d348e688101348e6888c10001',NULL,NULL,'8a83834d348e688101348e6888f00006','8a83834d348e688101348e68890f0008',NULL)
COMMIT
SET AUTOCOMMIT TRUE
SET AUTOCOMMIT FALSE
DELETE FROM ORGANIZATION WHERE ID='8a83834d348e688101348e68890f0010'
INSERT INTO ORGANIZATION VALUES('department','8a83834d348e688101348e68890f0010',NULL,'\u4eba\u4e8b\u884c\u653f',NULL,'\u884c\u653f\u90e8',NULL,NULL,NULL,NULL,NULL,NULL,NULL,NULL,NULL,NULL,6,7,NULL,NULL,NULL,NULL,NULL,NULL,NULL,NULL,NULL,NULL,NULL,NULL,NULL,NULL,NULL,'8a83834d348e688101348e6888c10001',NULL,NULL,'8a83834d348e688101348e6888f00006','8a83834d348e688101348e6889000007',NULL)
COMMIT
SET AUTOCOMMIT TRUE
/*C2*/SET AUTOCOMMIT FALSE
SET AUTOCOMMIT TRUE
SET AUTOCOMMIT FALSE
/*C5*/SET SCHEMA PUBLIC
CONNECT USER SA
SET AUTOCOMMIT FALSE
/*C2*/DELETE FROM SYSUSER WHERE ID='8a83834d34936adf0134936bcfcc0003'
INSERT INTO SYSUSER VALUES('8a83834d34936adf0134936bcfcc0003','2011-12-31 17:20:43.468000000','2011-12-31 17:20:43.468000000','admin','Active','admin','8a83834d348e688101348e6888f00006','8a83834d348e688101348e6888c10001','8a83834d348e688101348e6888c10001','8a83834d34936adf0134936bcfcc0002','CORP_ADMIN')
COMMIT
SET AUTOCOMMIT TRUE
/*C5*/SET AUTOCOMMIT TRUE
SET AUTOCOMMIT FALSE
SET AUTOCOMMIT TRUE
/*C3*/SET AUTOCOMMIT FALSE
DELETE FROM ORGANIZATION WHERE ID='8a83834d348e688101348e68890f0008'
INSERT INTO ORGANIZATION VALUES('department','8a83834d348e688101348e68890f0008','2011-12-30 17:59:02.671000000','\u6280\u672f\u652f\u6301\u7684\u9aa8\u5e72\u90e8\u95e8,\u4ece\u4e8b\u8f6f\u4ef6\u5f00\u53d1\u548c\u7ef4\u62a4','2011-12-30 17:59:02.671000000','\u6280\u672f\u90e8',NULL,NULL,NULL,NULL,NULL,NULL,NULL,NULL,NULL,NULL,2,5,NULL,NULL,NULL,NULL,NULL,NULL,NULL,NULL,NULL,NULL,NULL,NULL,NULL,NULL,NULL,'8a83834d348e688101348e6888c10001','8a83834d348e688101348e6888c10001',NULL,'8a83834d348e688101348e6888f00006','8a83834d348e688101348e6889000007',NULL)
COMMIT
SET AUTOCOMMIT TRUE
/*C5*/SET AUTOCOMMIT FALSE
SET AUTOCOMMIT TRUE
SET AUTOCOMMIT FALSE
SET AUTOCOMMIT TRUE
SET AUTOCOMMIT FALSE
SET AUTOCOMMIT TRUE
SET AUTOCOMMIT FALSE
SET AUTOCOMMIT TRUE
SET AUTOCOMMIT FALSE
SET AUTOCOMMIT TRUE
